{"C:\\Users\\moham\\OneDrive\\Desktop\\My Projects\\Intelligent-Task-Allocation-System-ITAS-\\itas-frontend\\src\\App.tsx": {"path":"C:\\Users\\moham\\OneDrive\\Desktop\\My Projects\\Intelligent-Task-Allocation-System-ITAS-\\itas-frontend\\src\\App.tsx","statementMap":{"0":{"start":{"line":12,"column":14},"end":{"line":12,"column":null}},"1":{"start":{"line":12,"column":31},"end":{"line":12,"column":null}},"2":{"start":{"line":13,"column":20},"end":{"line":13,"column":null}},"3":{"start":{"line":13,"column":37},"end":{"line":13,"column":null}},"4":{"start":{"line":14,"column":18},"end":{"line":14,"column":null}},"5":{"start":{"line":14,"column":35},"end":{"line":14,"column":null}},"6":{"start":{"line":15,"column":19},"end":{"line":15,"column":null}},"7":{"start":{"line":15,"column":36},"end":{"line":15,"column":null}},"8":{"start":{"line":16,"column":18},"end":{"line":16,"column":null}},"9":{"start":{"line":16,"column":35},"end":{"line":16,"column":null}},"10":{"start":{"line":17,"column":17},"end":{"line":17,"column":null}},"11":{"start":{"line":17,"column":34},"end":{"line":17,"column":null}},"12":{"start":{"line":18,"column":14},"end":{"line":18,"column":null}},"13":{"start":{"line":18,"column":31},"end":{"line":18,"column":null}},"14":{"start":{"line":19,"column":18},"end":{"line":19,"column":null}},"15":{"start":{"line":19,"column":35},"end":{"line":19,"column":null}},"16":{"start":{"line":20,"column":17},"end":{"line":20,"column":null}},"17":{"start":{"line":20,"column":34},"end":{"line":20,"column":null}},"18":{"start":{"line":21,"column":17},"end":{"line":21,"column":null}},"19":{"start":{"line":21,"column":34},"end":{"line":21,"column":null}},"20":{"start":{"line":23,"column":20},"end":{"line":23,"column":null}},"21":{"start":{"line":24,"column":25},"end":{"line":30,"column":null}},"22":{"start":{"line":31,"column":31},"end":{"line":34,"column":null}},"23":{"start":{"line":37,"column":15},"end":{"line":37,"column":null}},"24":{"start":{"line":38,"column":2},"end":{"line":38,"column":null}},"25":{"start":{"line":38,"column":13},"end":{"line":38,"column":null}},"26":{"start":{"line":39,"column":2},"end":{"line":42,"column":null}},"27":{"start":{"line":47,"column":2},"end":{"line":92,"column":null}}},"fnMap":{"0":{"name":"(anonymous_0)","decl":{"start":{"line":12,"column":25},"end":{"line":12,"column":31}},"loc":{"start":{"line":12,"column":31},"end":{"line":12,"column":null}},"line":12},"1":{"name":"(anonymous_1)","decl":{"start":{"line":13,"column":31},"end":{"line":13,"column":37}},"loc":{"start":{"line":13,"column":37},"end":{"line":13,"column":null}},"line":13},"2":{"name":"(anonymous_2)","decl":{"start":{"line":14,"column":29},"end":{"line":14,"column":35}},"loc":{"start":{"line":14,"column":35},"end":{"line":14,"column":null}},"line":14},"3":{"name":"(anonymous_3)","decl":{"start":{"line":15,"column":30},"end":{"line":15,"column":36}},"loc":{"start":{"line":15,"column":36},"end":{"line":15,"column":null}},"line":15},"4":{"name":"(anonymous_4)","decl":{"start":{"line":16,"column":29},"end":{"line":16,"column":35}},"loc":{"start":{"line":16,"column":35},"end":{"line":16,"column":null}},"line":16},"5":{"name":"(anonymous_5)","decl":{"start":{"line":17,"column":28},"end":{"line":17,"column":34}},"loc":{"start":{"line":17,"column":34},"end":{"line":17,"column":null}},"line":17},"6":{"name":"(anonymous_6)","decl":{"start":{"line":18,"column":25},"end":{"line":18,"column":31}},"loc":{"start":{"line":18,"column":31},"end":{"line":18,"column":null}},"line":18},"7":{"name":"(anonymous_7)","decl":{"start":{"line":19,"column":29},"end":{"line":19,"column":35}},"loc":{"start":{"line":19,"column":35},"end":{"line":19,"column":null}},"line":19},"8":{"name":"(anonymous_8)","decl":{"start":{"line":20,"column":28},"end":{"line":20,"column":34}},"loc":{"start":{"line":20,"column":34},"end":{"line":20,"column":null}},"line":20},"9":{"name":"(anonymous_9)","decl":{"start":{"line":21,"column":28},"end":{"line":21,"column":34}},"loc":{"start":{"line":21,"column":34},"end":{"line":21,"column":null}},"line":21},"10":{"name":"HomeRedirect","decl":{"start":{"line":36,"column":9},"end":{"line":36,"column":24}},"loc":{"start":{"line":36,"column":24},"end":{"line":44,"column":null}},"line":36},"11":{"name":"App","decl":{"start":{"line":46,"column":24},"end":{"line":46,"column":30}},"loc":{"start":{"line":46,"column":30},"end":{"line":94,"column":null}},"line":46}},"branchMap":{"0":{"loc":{"start":{"line":38,"column":2},"end":{"line":38,"column":null}},"type":"if","locations":[{"start":{"line":38,"column":2},"end":{"line":38,"column":null}},{"start":{},"end":{}}],"line":38},"1":{"loc":{"start":{"line":39,"column":9},"end":{"line":42,"column":null}},"type":"cond-expr","locations":[{"start":{"line":40,"column":4},"end":{"line":40,"column":null}},{"start":{"line":42,"column":4},"end":{"line":42,"column":null}}],"line":39}},"s":{"0":1,"1":1,"2":1,"3":0,"4":1,"5":0,"6":1,"7":0,"8":1,"9":0,"10":1,"11":0,"12":1,"13":0,"14":1,"15":0,"16":1,"17":0,"18":1,"19":0,"20":1,"21":1,"22":1,"23":1,"24":1,"25":1,"26":0,"27":1},"f":{"0":1,"1":0,"2":0,"3":0,"4":0,"5":0,"6":0,"7":0,"8":0,"9":0,"10":1,"11":1},"b":{"0":[1,0],"1":[0,0]},"meta":{"lastBranch":2,"lastFunction":12,"lastStatement":28,"seen":{"s:12:14:12:Infinity":0,"f:12:25:12:31":0,"s:12:31:12:Infinity":1,"s:13:20:13:Infinity":2,"f:13:31:13:37":1,"s:13:37:13:Infinity":3,"s:14:18:14:Infinity":4,"f:14:29:14:35":2,"s:14:35:14:Infinity":5,"s:15:19:15:Infinity":6,"f:15:30:15:36":3,"s:15:36:15:Infinity":7,"s:16:18:16:Infinity":8,"f:16:29:16:35":4,"s:16:35:16:Infinity":9,"s:17:17:17:Infinity":10,"f:17:28:17:34":5,"s:17:34:17:Infinity":11,"s:18:14:18:Infinity":12,"f:18:25:18:31":6,"s:18:31:18:Infinity":13,"s:19:18:19:Infinity":14,"f:19:29:19:35":7,"s:19:35:19:Infinity":15,"s:20:17:20:Infinity":16,"f:20:28:20:34":8,"s:20:34:20:Infinity":17,"s:21:17:21:Infinity":18,"f:21:28:21:34":9,"s:21:34:21:Infinity":19,"s:23:20:23:Infinity":20,"s:24:25:30:Infinity":21,"s:31:31:34:Infinity":22,"f:36:9:36:24":10,"s:37:15:37:Infinity":23,"b:38:2:38:Infinity:undefined:undefined:undefined:undefined":0,"s:38:2:38:Infinity":24,"s:38:13:38:Infinity":25,"s:39:2:42:Infinity":26,"b:40:4:40:Infinity:42:4:42:Infinity":1,"f:46:24:46:30":11,"s:47:2:92:Infinity":27},"fnNames":{}}}
,"C:\\Users\\moham\\OneDrive\\Desktop\\My Projects\\Intelligent-Task-Allocation-System-ITAS-\\itas-frontend\\src\\api\\client.ts": {"path":"C:\\Users\\moham\\OneDrive\\Desktop\\My Projects\\Intelligent-Task-Allocation-System-ITAS-\\itas-frontend\\src\\api\\client.ts","statementMap":{"0":{"start":{"line":3,"column":19},"end":{"line":6,"column":null}},"1":{"start":{"line":8,"column":0},"end":{"line":12,"column":null}},"2":{"start":{"line":9,"column":18},"end":{"line":9,"column":null}},"3":{"start":{"line":10,"column":4},"end":{"line":10,"column":null}},"4":{"start":{"line":10,"column":15},"end":{"line":10,"column":null}},"5":{"start":{"line":11,"column":4},"end":{"line":11,"column":null}}},"fnMap":{"0":{"name":"(anonymous_0)","decl":{"start":{"line":8,"column":29},"end":{"line":8,"column":30}},"loc":{"start":{"line":8,"column":41},"end":{"line":12,"column":1}},"line":8}},"branchMap":{"0":{"loc":{"start":{"line":5,"column":13},"end":{"line":5,"column":null}},"type":"binary-expr","locations":[{"start":{"line":5,"column":13},"end":{"line":5,"column":50}},{"start":{"line":5,"column":50},"end":{"line":5,"column":null}}],"line":5},"1":{"loc":{"start":{"line":10,"column":4},"end":{"line":10,"column":null}},"type":"if","locations":[{"start":{"line":10,"column":4},"end":{"line":10,"column":null}},{"start":{},"end":{}}],"line":10}},"s":{"0":1,"1":1,"2":0,"3":0,"4":0,"5":0},"f":{"0":0},"b":{"0":[1,1],"1":[0,0]},"meta":{"lastBranch":2,"lastFunction":1,"lastStatement":6,"seen":{"s:3:19:6:Infinity":0,"b:5:13:5:50:5:50:5:Infinity":0,"s:8:0:12:Infinity":1,"f:8:29:8:30":0,"s:9:18:9:Infinity":2,"b:10:4:10:Infinity:undefined:undefined:undefined:undefined":1,"s:10:4:10:Infinity":3,"s:10:15:10:Infinity":4,"s:11:4:11:Infinity":5},"fnNames":{}}}
,"C:\\Users\\moham\\OneDrive\\Desktop\\My Projects\\Intelligent-Task-Allocation-System-ITAS-\\itas-frontend\\src\\assets\\ITAS-logo.png": {"path":"C:\\Users\\moham\\OneDrive\\Desktop\\My Projects\\Intelligent-Task-Allocation-System-ITAS-\\itas-frontend\\src\\assets\\ITAS-logo.png","statementMap":{},"fnMap":{},"branchMap":{},"s":{},"f":{},"b":{},"meta":{"lastBranch":0,"lastFunction":0,"lastStatement":0,"seen":{},"fnNames":{}}}
,"C:\\Users\\moham\\OneDrive\\Desktop\\My Projects\\Intelligent-Task-Allocation-System-ITAS-\\itas-frontend\\src\\auth\\AuthProvider.tsx": {"path":"C:\\Users\\moham\\OneDrive\\Desktop\\My Projects\\Intelligent-Task-Allocation-System-ITAS-\\itas-frontend\\src\\auth\\AuthProvider.tsx","statementMap":{"0":{"start":{"line":6,"column":24},"end":{"line":6,"column":null}},"1":{"start":{"line":7,"column":30},"end":{"line":7,"column":null}},"2":{"start":{"line":8,"column":24},"end":{"line":8,"column":null}},"3":{"start":{"line":10,"column":4},"end":{"line":43,"column":null}},"4":{"start":{"line":11,"column":31},"end":{"line":40,"column":null}},"5":{"start":{"line":12,"column":26},"end":{"line":12,"column":null}},"6":{"start":{"line":13,"column":12},"end":{"line":16,"column":null}},"7":{"start":{"line":14,"column":16},"end":{"line":14,"column":null}},"8":{"start":{"line":15,"column":16},"end":{"line":15,"column":null}},"9":{"start":{"line":19,"column":12},"end":{"line":25,"column":null}},"10":{"start":{"line":21,"column":39},"end":{"line":21,"column":null}},"11":{"start":{"line":22,"column":16},"end":{"line":22,"column":null}},"12":{"start":{"line":23,"column":16},"end":{"line":23,"column":null}},"13":{"start":{"line":24,"column":16},"end":{"line":24,"column":null}},"14":{"start":{"line":27,"column":12},"end":{"line":39,"column":null}},"15":{"start":{"line":28,"column":28},"end":{"line":28,"column":null}},"16":{"start":{"line":29,"column":16},"end":{"line":33,"column":null}},"17":{"start":{"line":30,"column":20},"end":{"line":30,"column":null}},"18":{"start":{"line":32,"column":20},"end":{"line":32,"column":null}},"19":{"start":{"line":35,"column":16},"end":{"line":35,"column":null}},"20":{"start":{"line":36,"column":16},"end":{"line":36,"column":null}},"21":{"start":{"line":38,"column":16},"end":{"line":38,"column":null}},"22":{"start":{"line":42,"column":8},"end":{"line":42,"column":null}},"23":{"start":{"line":45,"column":10},"end":{"line":58,"column":null}},"24":{"start":{"line":46,"column":8},"end":{"line":57,"column":null}},"25":{"start":{"line":47,"column":24},"end":{"line":47,"column":null}},"26":{"start":{"line":48,"column":12},"end":{"line":53,"column":null}},"27":{"start":{"line":49,"column":16},"end":{"line":49,"column":null}},"28":{"start":{"line":50,"column":16},"end":{"line":50,"column":null}},"29":{"start":{"line":52,"column":16},"end":{"line":52,"column":null}},"30":{"start":{"line":55,"column":12},"end":{"line":55,"column":null}},"31":{"start":{"line":56,"column":12},"end":{"line":56,"column":null}},"32":{"start":{"line":60,"column":19},"end":{"line":63,"column":null}},"33":{"start":{"line":61,"column":8},"end":{"line":61,"column":null}},"34":{"start":{"line":62,"column":8},"end":{"line":62,"column":null}},"35":{"start":{"line":66,"column":10},"end":{"line":77,"column":null}},"36":{"start":{"line":67,"column":8},"end":{"line":67,"column":null}},"37":{"start":{"line":67,"column":26},"end":{"line":67,"column":null}},"38":{"start":{"line":68,"column":8},"end":{"line":76,"column":null}},"39":{"start":{"line":69,"column":35},"end":{"line":73,"column":null}},"40":{"start":{"line":74,"column":12},"end":{"line":74,"column":null}},"41":{"start":{"line":75,"column":12},"end":{"line":75,"column":null}},"42":{"start":{"line":79,"column":10},"end":{"line":79,"column":null}},"43":{"start":{"line":79,"column":42},"end":{"line":79,"column":79}},"44":{"start":{"line":81,"column":4},"end":{"line":83,"column":null}},"45":{"start":{"line":82,"column":8},"end":{"line":82,"column":null}},"46":{"start":{"line":85,"column":4},"end":{"line":85,"column":null}}},"fnMap":{"0":{"name":"AuthProvider","decl":{"start":{"line":5,"column":16},"end":{"line":5,"column":29}},"loc":{"start":{"line":5,"column":74},"end":{"line":86,"column":null}},"line":5},"1":{"name":"(anonymous_1)","decl":{"start":{"line":10,"column":20},"end":{"line":10,"column":26}},"loc":{"start":{"line":10,"column":26},"end":{"line":43,"column":7}},"line":10},"2":{"name":"(anonymous_2)","decl":{"start":{"line":11,"column":31},"end":{"line":11,"column":43}},"loc":{"start":{"line":11,"column":43},"end":{"line":40,"column":null}},"line":11},"3":{"name":"(anonymous_3)","decl":{"start":{"line":45,"column":30},"end":{"line":45,"column":37}},"loc":{"start":{"line":45,"column":73},"end":{"line":58,"column":7}},"line":45},"4":{"name":"(anonymous_4)","decl":{"start":{"line":60,"column":19},"end":{"line":60,"column":25}},"loc":{"start":{"line":60,"column":25},"end":{"line":63,"column":null}},"line":60},"5":{"name":"(anonymous_5)","decl":{"start":{"line":66,"column":30},"end":{"line":66,"column":36}},"loc":{"start":{"line":66,"column":36},"end":{"line":77,"column":7}},"line":66},"6":{"name":"(anonymous_6)","decl":{"start":{"line":68,"column":15},"end":{"line":68,"column":16}},"loc":{"start":{"line":68,"column":38},"end":{"line":76,"column":null}},"line":68},"7":{"name":"(anonymous_7)","decl":{"start":{"line":79,"column":35},"end":{"line":79,"column":42}},"loc":{"start":{"line":79,"column":42},"end":{"line":79,"column":79}},"line":79}},"branchMap":{"0":{"loc":{"start":{"line":8,"column":24},"end":{"line":8,"column":null}},"type":"binary-expr","locations":[{"start":{"line":8,"column":24},"end":{"line":8,"column":47}},{"start":{"line":8,"column":47},"end":{"line":8,"column":null}}],"line":8},"1":{"loc":{"start":{"line":13,"column":12},"end":{"line":16,"column":null}},"type":"if","locations":[{"start":{"line":13,"column":12},"end":{"line":16,"column":null}},{"start":{},"end":{}}],"line":13},"2":{"loc":{"start":{"line":19,"column":12},"end":{"line":25,"column":null}},"type":"if","locations":[{"start":{"line":19,"column":12},"end":{"line":25,"column":null}},{"start":{},"end":{}}],"line":19},"3":{"loc":{"start":{"line":29,"column":16},"end":{"line":33,"column":null}},"type":"if","locations":[{"start":{"line":29,"column":16},"end":{"line":33,"column":null}},{"start":{"line":31,"column":23},"end":{"line":33,"column":null}}],"line":29},"4":{"loc":{"start":{"line":48,"column":12},"end":{"line":53,"column":null}},"type":"if","locations":[{"start":{"line":48,"column":12},"end":{"line":53,"column":null}},{"start":{"line":51,"column":19},"end":{"line":53,"column":null}}],"line":48},"5":{"loc":{"start":{"line":48,"column":16},"end":{"line":48,"column":49}},"type":"binary-expr","locations":[{"start":{"line":48,"column":16},"end":{"line":48,"column":34}},{"start":{"line":48,"column":34},"end":{"line":48,"column":49}}],"line":48},"6":{"loc":{"start":{"line":67,"column":8},"end":{"line":67,"column":null}},"type":"if","locations":[{"start":{"line":67,"column":8},"end":{"line":67,"column":null}},{"start":{},"end":{}}],"line":67},"7":{"loc":{"start":{"line":68,"column":16},"end":{"line":68,"column":38}},"type":"default-arg","locations":[{"start":{"line":68,"column":29},"end":{"line":68,"column":38}}],"line":68},"8":{"loc":{"start":{"line":71,"column":22},"end":{"line":71,"column":null}},"type":"cond-expr","locations":[{"start":{"line":71,"column":38},"end":{"line":71,"column":50}},{"start":{"line":71,"column":50},"end":{"line":71,"column":null}}],"line":71},"9":{"loc":{"start":{"line":81,"column":4},"end":{"line":83,"column":null}},"type":"if","locations":[{"start":{"line":81,"column":4},"end":{"line":83,"column":null}},{"start":{},"end":{}}],"line":81}},"s":{"0":2,"1":2,"2":2,"3":2,"4":1,"5":1,"6":1,"7":1,"8":1,"9":0,"10":0,"11":0,"12":0,"13":0,"14":0,"15":0,"16":0,"17":0,"18":0,"19":0,"20":0,"21":0,"22":1,"23":2,"24":0,"25":0,"26":0,"27":0,"28":0,"29":0,"30":0,"31":0,"32":2,"33":0,"34":0,"35":2,"36":1,"37":0,"38":1,"39":0,"40":0,"41":0,"42":2,"43":1,"44":2,"45":1,"46":1},"f":{"0":2,"1":1,"2":1,"3":0,"4":0,"5":1,"6":0,"7":1},"b":{"0":[2,0],"1":[1,0],"2":[0,0],"3":[0,0],"4":[0,0],"5":[0,0],"6":[0,1],"7":[0],"8":[0,0],"9":[1,1]},"meta":{"lastBranch":10,"lastFunction":8,"lastStatement":47,"seen":{"f:5:16:5:29":0,"s:6:24:6:Infinity":0,"s:7:30:7:Infinity":1,"s:8:24:8:Infinity":2,"b:8:24:8:47:8:47:8:Infinity":0,"s:10:4:43:Infinity":3,"f:10:20:10:26":1,"s:11:31:40:Infinity":4,"f:11:31:11:43":2,"s:12:26:12:Infinity":5,"b:13:12:16:Infinity:undefined:undefined:undefined:undefined":1,"s:13:12:16:Infinity":6,"s:14:16:14:Infinity":7,"s:15:16:15:Infinity":8,"b:19:12:25:Infinity:undefined:undefined:undefined:undefined":2,"s:19:12:25:Infinity":9,"s:21:39:21:Infinity":10,"s:22:16:22:Infinity":11,"s:23:16:23:Infinity":12,"s:24:16:24:Infinity":13,"s:27:12:39:Infinity":14,"s:28:28:28:Infinity":15,"b:29:16:33:Infinity:31:23:33:Infinity":3,"s:29:16:33:Infinity":16,"s:30:20:30:Infinity":17,"s:32:20:32:Infinity":18,"s:35:16:35:Infinity":19,"s:36:16:36:Infinity":20,"s:38:16:38:Infinity":21,"s:42:8:42:Infinity":22,"s:45:10:58:Infinity":23,"f:45:30:45:37":3,"s:46:8:57:Infinity":24,"s:47:24:47:Infinity":25,"b:48:12:53:Infinity:51:19:53:Infinity":4,"s:48:12:53:Infinity":26,"b:48:16:48:34:48:34:48:49":5,"s:49:16:49:Infinity":27,"s:50:16:50:Infinity":28,"s:52:16:52:Infinity":29,"s:55:12:55:Infinity":30,"s:56:12:56:Infinity":31,"s:60:19:63:Infinity":32,"f:60:19:60:25":4,"s:61:8:61:Infinity":33,"s:62:8:62:Infinity":34,"s:66:10:77:Infinity":35,"f:66:30:66:36":5,"b:67:8:67:Infinity:undefined:undefined:undefined:undefined":6,"s:67:8:67:Infinity":36,"s:67:26:67:Infinity":37,"s:68:8:76:Infinity":38,"f:68:15:68:16":6,"b:68:29:68:38":7,"s:69:35:73:Infinity":39,"b:71:38:71:50:71:50:71:Infinity":8,"s:74:12:74:Infinity":40,"s:75:12:75:Infinity":41,"s:79:10:79:Infinity":42,"f:79:35:79:42":7,"s:79:42:79:79":43,"b:81:4:83:Infinity:undefined:undefined:undefined:undefined":9,"s:81:4:83:Infinity":44,"s:82:8:82:Infinity":45,"s:85:4:85:Infinity":46},"fnNames":{}}}
,"C:\\Users\\moham\\OneDrive\\Desktop\\My Projects\\Intelligent-Task-Allocation-System-ITAS-\\itas-frontend\\src\\auth\\ProtectedRoute.tsx": {"path":"C:\\Users\\moham\\OneDrive\\Desktop\\My Projects\\Intelligent-Task-Allocation-System-ITAS-\\itas-frontend\\src\\auth\\ProtectedRoute.tsx","statementMap":{"0":{"start":{"line":12,"column":17},"end":{"line":12,"column":null}},"1":{"start":{"line":13,"column":4},"end":{"line":13,"column":null}},"2":{"start":{"line":13,"column":15},"end":{"line":13,"column":null}},"3":{"start":{"line":14,"column":4},"end":{"line":14,"column":null}},"4":{"start":{"line":14,"column":45},"end":{"line":14,"column":null}},"5":{"start":{"line":15,"column":4},"end":{"line":15,"column":null}}},"fnMap":{"0":{"name":"ProtectedRoute","decl":{"start":{"line":5,"column":16},"end":{"line":5,"column":31}},"loc":{"start":{"line":11,"column":3},"end":{"line":16,"column":null}},"line":11}},"branchMap":{"0":{"loc":{"start":{"line":13,"column":4},"end":{"line":13,"column":null}},"type":"if","locations":[{"start":{"line":13,"column":4},"end":{"line":13,"column":null}},{"start":{},"end":{}}],"line":13},"1":{"loc":{"start":{"line":14,"column":4},"end":{"line":14,"column":null}},"type":"if","locations":[{"start":{"line":14,"column":4},"end":{"line":14,"column":null}},{"start":{},"end":{}}],"line":14},"2":{"loc":{"start":{"line":14,"column":8},"end":{"line":14,"column":45}},"type":"binary-expr","locations":[{"start":{"line":14,"column":8},"end":{"line":14,"column":17}},{"start":{"line":14,"column":17},"end":{"line":14,"column":45}}],"line":14}},"s":{"0":0,"1":0,"2":0,"3":0,"4":0,"5":0},"f":{"0":0},"b":{"0":[0,0],"1":[0,0],"2":[0,0]},"meta":{"lastBranch":3,"lastFunction":1,"lastStatement":6,"seen":{"f:5:16:5:31":0,"s:12:17:12:Infinity":0,"b:13:4:13:Infinity:undefined:undefined:undefined:undefined":0,"s:13:4:13:Infinity":1,"s:13:15:13:Infinity":2,"b:14:4:14:Infinity:undefined:undefined:undefined:undefined":1,"s:14:4:14:Infinity":3,"b:14:8:14:17:14:17:14:45":2,"s:14:45:14:Infinity":4,"s:15:4:15:Infinity":5},"fnNames":{}}}
,"C:\\Users\\moham\\OneDrive\\Desktop\\My Projects\\Intelligent-Task-Allocation-System-ITAS-\\itas-frontend\\src\\auth\\context.ts": {"path":"C:\\Users\\moham\\OneDrive\\Desktop\\My Projects\\Intelligent-Task-Allocation-System-ITAS-\\itas-frontend\\src\\auth\\context.ts","statementMap":{"0":{"start":{"line":19,"column":13},"end":{"line":19,"column":null}}},"fnMap":{},"branchMap":{},"s":{"0":1},"f":{},"b":{},"meta":{"lastBranch":0,"lastFunction":0,"lastStatement":1,"seen":{"s:19:13:19:Infinity":0},"fnNames":{}}}
,"C:\\Users\\moham\\OneDrive\\Desktop\\My Projects\\Intelligent-Task-Allocation-System-ITAS-\\itas-frontend\\src\\auth\\hooks.ts": {"path":"C:\\Users\\moham\\OneDrive\\Desktop\\My Projects\\Intelligent-Task-Allocation-System-ITAS-\\itas-frontend\\src\\auth\\hooks.ts","statementMap":{"0":{"start":{"line":5,"column":10},"end":{"line":5,"column":null}},"1":{"start":{"line":6,"column":4},"end":{"line":6,"column":null}},"2":{"start":{"line":6,"column":14},"end":{"line":6,"column":null}},"3":{"start":{"line":7,"column":4},"end":{"line":7,"column":null}}},"fnMap":{"0":{"name":"useAuth","decl":{"start":{"line":4,"column":16},"end":{"line":4,"column":26}},"loc":{"start":{"line":4,"column":26},"end":{"line":8,"column":null}},"line":4}},"branchMap":{"0":{"loc":{"start":{"line":6,"column":4},"end":{"line":6,"column":null}},"type":"if","locations":[{"start":{"line":6,"column":4},"end":{"line":6,"column":null}},{"start":{},"end":{}}],"line":6}},"s":{"0":1,"1":1,"2":0,"3":1},"f":{"0":1},"b":{"0":[0,1]},"meta":{"lastBranch":1,"lastFunction":1,"lastStatement":4,"seen":{"f:4:16:4:26":0,"s:5:10:5:Infinity":0,"b:6:4:6:Infinity:undefined:undefined:undefined:undefined":0,"s:6:4:6:Infinity":1,"s:6:14:6:Infinity":2,"s:7:4:7:Infinity":3},"fnNames":{}}}
,"C:\\Users\\moham\\OneDrive\\Desktop\\My Projects\\Intelligent-Task-Allocation-System-ITAS-\\itas-frontend\\src\\components\\layout\\AppShell.tsx": {"path":"C:\\Users\\moham\\OneDrive\\Desktop\\My Projects\\Intelligent-Task-Allocation-System-ITAS-\\itas-frontend\\src\\components\\layout\\AppShell.tsx","statementMap":{"0":{"start":{"line":12,"column":20},"end":{"line":16,"column":null}},"1":{"start":{"line":13,"column":16},"end":{"line":13,"column":null}},"2":{"start":{"line":14,"column":19},"end":{"line":14,"column":null}},"3":{"start":{"line":14,"column":51},"end":{"line":14,"column":79}},"4":{"start":{"line":15,"column":2},"end":{"line":15,"column":null}},"5":{"start":{"line":19,"column":23},"end":{"line":19,"column":null}},"6":{"start":{"line":20,"column":46},"end":{"line":20,"column":null}},"7":{"start":{"line":21,"column":15},"end":{"line":21,"column":null}},"8":{"start":{"line":22,"column":20},"end":{"line":22,"column":null}},"9":{"start":{"line":24,"column":2},"end":{"line":128,"column":null}},"10":{"start":{"line":33,"column":25},"end":{"line":33,"column":null}},"11":{"start":{"line":57,"column":27},"end":{"line":57,"column":null}},"12":{"start":{"line":69,"column":12},"end":{"line":77,"column":null}},"13":{"start":{"line":72,"column":29},"end":{"line":72,"column":null}},"14":{"start":{"line":73,"column":43},"end":{"line":73,"column":null}},"15":{"start":{"line":99,"column":57},"end":{"line":99,"column":85}}},"fnMap":{"0":{"name":"(anonymous_0)","decl":{"start":{"line":12,"column":20},"end":{"line":12,"column":21}},"loc":{"start":{"line":12,"column":38},"end":{"line":16,"column":null}},"line":12},"1":{"name":"(anonymous_1)","decl":{"start":{"line":14,"column":41},"end":{"line":14,"column":42}},"loc":{"start":{"line":14,"column":51},"end":{"line":14,"column":79}},"line":14},"2":{"name":"AppShell","decl":{"start":{"line":18,"column":24},"end":{"line":18,"column":33}},"loc":{"start":{"line":18,"column":62},"end":{"line":130,"column":null}},"line":18},"3":{"name":"(anonymous_3)","decl":{"start":{"line":33,"column":19},"end":{"line":33,"column":25}},"loc":{"start":{"line":33,"column":25},"end":{"line":33,"column":null}},"line":33},"4":{"name":"(anonymous_4)","decl":{"start":{"line":57,"column":21},"end":{"line":57,"column":27}},"loc":{"start":{"line":57,"column":27},"end":{"line":57,"column":null}},"line":57},"5":{"name":"(anonymous_5)","decl":{"start":{"line":68,"column":19},"end":{"line":68,"column":20}},"loc":{"start":{"line":69,"column":12},"end":{"line":77,"column":null}},"line":69},"6":{"name":"(anonymous_6)","decl":{"start":{"line":72,"column":23},"end":{"line":72,"column":29}},"loc":{"start":{"line":72,"column":29},"end":{"line":72,"column":null}},"line":72},"7":{"name":"(anonymous_7)","decl":{"start":{"line":73,"column":25},"end":{"line":73,"column":26}},"loc":{"start":{"line":73,"column":43},"end":{"line":73,"column":null}},"line":73},"8":{"name":"(anonymous_8)","decl":{"start":{"line":99,"column":51},"end":{"line":99,"column":57}},"loc":{"start":{"line":99,"column":57},"end":{"line":99,"column":85}},"line":99}},"branchMap":{"0":{"loc":{"start":{"line":14,"column":51},"end":{"line":14,"column":79}},"type":"binary-expr","locations":[{"start":{"line":14,"column":51},"end":{"line":14,"column":77}},{"start":{"line":14,"column":77},"end":{"line":14,"column":79}}],"line":14},"1":{"loc":{"start":{"line":15,"column":9},"end":{"line":15,"column":null}},"type":"binary-expr","locations":[{"start":{"line":15,"column":9},"end":{"line":15,"column":21}},{"start":{"line":15,"column":21},"end":{"line":15,"column":null}}],"line":15},"2":{"loc":{"start":{"line":21,"column":15},"end":{"line":21,"column":null}},"type":"binary-expr","locations":[{"start":{"line":21,"column":15},"end":{"line":21,"column":29}},{"start":{"line":21,"column":29},"end":{"line":21,"column":null}}],"line":21},"3":{"loc":{"start":{"line":22,"column":20},"end":{"line":22,"column":null}},"type":"cond-expr","locations":[{"start":{"line":22,"column":42},"end":{"line":22,"column":62}},{"start":{"line":22,"column":62},"end":{"line":22,"column":null}}],"line":22},"4":{"loc":{"start":{"line":43,"column":35},"end":{"line":43,"column":68}},"type":"cond-expr","locations":[{"start":{"line":43,"column":54},"end":{"line":43,"column":66}},{"start":{"line":43,"column":66},"end":{"line":43,"column":68}}],"line":43},"5":{"loc":{"start":{"line":73,"column":54},"end":{"line":73,"column":79}},"type":"cond-expr","locations":[{"start":{"line":73,"column":65},"end":{"line":73,"column":77}},{"start":{"line":73,"column":77},"end":{"line":73,"column":79}}],"line":73},"6":{"loc":{"start":{"line":76,"column":15},"end":{"line":76,"column":null}},"type":"binary-expr","locations":[{"start":{"line":76,"column":15},"end":{"line":76,"column":28}},{"start":{"line":76,"column":28},"end":{"line":76,"column":null}}],"line":76},"7":{"loc":{"start":{"line":98,"column":7},"end":{"line":99,"column":null}},"type":"binary-expr","locations":[{"start":{"line":98,"column":7},"end":{"line":98,"column":null}},{"start":{"line":99,"column":8},"end":{"line":99,"column":null}}],"line":98},"8":{"loc":{"start":{"line":119,"column":13},"end":{"line":122,"column":null}},"type":"binary-expr","locations":[{"start":{"line":119,"column":13},"end":{"line":119,"column":null}},{"start":{"line":120,"column":14},"end":{"line":122,"column":null}}],"line":119}},"s":{"0":1,"1":0,"2":0,"3":0,"4":0,"5":0,"6":0,"7":0,"8":0,"9":0,"10":0,"11":0,"12":0,"13":0,"14":0,"15":0},"f":{"0":0,"1":0,"2":0,"3":0,"4":0,"5":0,"6":0,"7":0,"8":0},"b":{"0":[0,0],"1":[0,0],"2":[0,0],"3":[0,0],"4":[0,0],"5":[0,0],"6":[0,0],"7":[0,0],"8":[0,0]},"meta":{"lastBranch":9,"lastFunction":9,"lastStatement":16,"seen":{"s:12:20:16:Infinity":0,"f:12:20:12:21":0,"s:13:16:13:Infinity":1,"s:14:19:14:Infinity":2,"f:14:41:14:42":1,"s:14:51:14:79":3,"b:14:51:14:77:14:77:14:79":0,"s:15:2:15:Infinity":4,"b:15:9:15:21:15:21:15:Infinity":1,"f:18:24:18:33":2,"s:19:23:19:Infinity":5,"s:20:46:20:Infinity":6,"s:21:15:21:Infinity":7,"b:21:15:21:29:21:29:21:Infinity":2,"s:22:20:22:Infinity":8,"b:22:42:22:62:22:62:22:Infinity":3,"s:24:2:128:Infinity":9,"f:33:19:33:25":3,"s:33:25:33:Infinity":10,"b:43:54:43:66:43:66:43:68":4,"f:57:21:57:27":4,"s:57:27:57:Infinity":11,"f:68:19:68:20":5,"s:69:12:77:Infinity":12,"f:72:23:72:29":6,"s:72:29:72:Infinity":13,"f:73:25:73:26":7,"s:73:43:73:Infinity":14,"b:73:65:73:77:73:77:73:79":5,"b:76:15:76:28:76:28:76:Infinity":6,"b:98:7:98:Infinity:99:8:99:Infinity":7,"f:99:51:99:57":8,"s:99:57:99:85":15,"b:119:13:119:Infinity:120:14:122:Infinity":8},"fnNames":{}}}
,"C:\\Users\\moham\\OneDrive\\Desktop\\My Projects\\Intelligent-Task-Allocation-System-ITAS-\\itas-frontend\\src\\context\\ThemeContext.tsx": {"path":"C:\\Users\\moham\\OneDrive\\Desktop\\My Projects\\Intelligent-Task-Allocation-System-ITAS-\\itas-frontend\\src\\context\\ThemeContext.tsx","statementMap":{"0":{"start":{"line":10,"column":6},"end":{"line":10,"column":null}},"1":{"start":{"line":13,"column":26},"end":{"line":20,"column":null}},"2":{"start":{"line":15,"column":22},"end":{"line":15,"column":null}},"3":{"start":{"line":16,"column":8},"end":{"line":16,"column":null}},"4":{"start":{"line":16,"column":51},"end":{"line":16,"column":null}},"5":{"start":{"line":18,"column":8},"end":{"line":18,"column":null}},"6":{"start":{"line":18,"column":71},"end":{"line":18,"column":null}},"7":{"start":{"line":19,"column":8},"end":{"line":19,"column":null}},"8":{"start":{"line":22,"column":4},"end":{"line":29,"column":null}},"9":{"start":{"line":23,"column":8},"end":{"line":23,"column":null}},"10":{"start":{"line":24,"column":8},"end":{"line":28,"column":null}},"11":{"start":{"line":25,"column":12},"end":{"line":25,"column":null}},"12":{"start":{"line":27,"column":12},"end":{"line":27,"column":null}},"13":{"start":{"line":31,"column":24},"end":{"line":33,"column":null}},"14":{"start":{"line":32,"column":8},"end":{"line":32,"column":null}},"15":{"start":{"line":32,"column":28},"end":{"line":32,"column":64}},"16":{"start":{"line":35,"column":4},"end":{"line":38,"column":null}},"17":{"start":{"line":43,"column":10},"end":{"line":43,"column":null}},"18":{"start":{"line":44,"column":4},"end":{"line":46,"column":null}},"19":{"start":{"line":45,"column":8},"end":{"line":45,"column":null}},"20":{"start":{"line":47,"column":4},"end":{"line":47,"column":null}}},"fnMap":{"0":{"name":"ThemeProvider","decl":{"start":{"line":12,"column":16},"end":{"line":12,"column":30}},"loc":{"start":{"line":12,"column":75},"end":{"line":40,"column":null}},"line":12},"1":{"name":"(anonymous_1)","decl":{"start":{"line":13,"column":46},"end":{"line":13,"column":52}},"loc":{"start":{"line":13,"column":52},"end":{"line":20,"column":5}},"line":13},"2":{"name":"(anonymous_2)","decl":{"start":{"line":22,"column":14},"end":{"line":22,"column":20}},"loc":{"start":{"line":22,"column":20},"end":{"line":29,"column":7}},"line":22},"3":{"name":"(anonymous_3)","decl":{"start":{"line":31,"column":24},"end":{"line":31,"column":30}},"loc":{"start":{"line":31,"column":30},"end":{"line":33,"column":null}},"line":31},"4":{"name":"(anonymous_4)","decl":{"start":{"line":32,"column":17},"end":{"line":32,"column":18}},"loc":{"start":{"line":32,"column":28},"end":{"line":32,"column":64}},"line":32},"5":{"name":"useTheme","decl":{"start":{"line":42,"column":16},"end":{"line":42,"column":27}},"loc":{"start":{"line":42,"column":27},"end":{"line":48,"column":null}},"line":42}},"branchMap":{"0":{"loc":{"start":{"line":16,"column":8},"end":{"line":16,"column":null}},"type":"if","locations":[{"start":{"line":16,"column":8},"end":{"line":16,"column":null}},{"start":{},"end":{}}],"line":16},"1":{"loc":{"start":{"line":16,"column":12},"end":{"line":16,"column":51}},"type":"binary-expr","locations":[{"start":{"line":16,"column":12},"end":{"line":16,"column":32}},{"start":{"line":16,"column":32},"end":{"line":16,"column":51}}],"line":16},"2":{"loc":{"start":{"line":18,"column":8},"end":{"line":18,"column":null}},"type":"if","locations":[{"start":{"line":18,"column":8},"end":{"line":18,"column":null}},{"start":{},"end":{}}],"line":18},"3":{"loc":{"start":{"line":24,"column":8},"end":{"line":28,"column":null}},"type":"if","locations":[{"start":{"line":24,"column":8},"end":{"line":28,"column":null}},{"start":{"line":26,"column":15},"end":{"line":28,"column":null}}],"line":24},"4":{"loc":{"start":{"line":32,"column":28},"end":{"line":32,"column":64}},"type":"cond-expr","locations":[{"start":{"line":32,"column":47},"end":{"line":32,"column":56}},{"start":{"line":32,"column":56},"end":{"line":32,"column":64}}],"line":32},"5":{"loc":{"start":{"line":44,"column":4},"end":{"line":46,"column":null}},"type":"if","locations":[{"start":{"line":44,"column":4},"end":{"line":46,"column":null}},{"start":{},"end":{}}],"line":44}},"s":{"0":1,"1":1,"2":1,"3":1,"4":0,"5":1,"6":0,"7":1,"8":1,"9":1,"10":1,"11":0,"12":1,"13":1,"14":0,"15":0,"16":1,"17":0,"18":0,"19":0,"20":0},"f":{"0":1,"1":1,"2":1,"3":0,"4":0,"5":0},"b":{"0":[0,1],"1":[1,1],"2":[0,1],"3":[0,1],"4":[0,0],"5":[0,0]},"meta":{"lastBranch":6,"lastFunction":6,"lastStatement":21,"seen":{"s:10:6:10:Infinity":0,"f:12:16:12:30":0,"s:13:26:20:Infinity":1,"f:13:46:13:52":1,"s:15:22:15:Infinity":2,"b:16:8:16:Infinity:undefined:undefined:undefined:undefined":0,"s:16:8:16:Infinity":3,"b:16:12:16:32:16:32:16:51":1,"s:16:51:16:Infinity":4,"b:18:8:18:Infinity:undefined:undefined:undefined:undefined":2,"s:18:8:18:Infinity":5,"s:18:71:18:Infinity":6,"s:19:8:19:Infinity":7,"s:22:4:29:Infinity":8,"f:22:14:22:20":2,"s:23:8:23:Infinity":9,"b:24:8:28:Infinity:26:15:28:Infinity":3,"s:24:8:28:Infinity":10,"s:25:12:25:Infinity":11,"s:27:12:27:Infinity":12,"s:31:24:33:Infinity":13,"f:31:24:31:30":3,"s:32:8:32:Infinity":14,"f:32:17:32:18":4,"s:32:28:32:64":15,"b:32:47:32:56:32:56:32:64":4,"s:35:4:38:Infinity":16,"f:42:16:42:27":5,"s:43:10:43:Infinity":17,"b:44:4:46:Infinity:undefined:undefined:undefined:undefined":5,"s:44:4:46:Infinity":18,"s:45:8:45:Infinity":19,"s:47:4:47:Infinity":20},"fnNames":{}}}
}
